[0.420s] Invoking command in '/home/daisuke/ros2_ws/build/person_msgs': CMAKE_PREFIX_PATH=/home/daisuke/ros2_ws/install/mypkg:/opt/ros/foxy /usr/bin/cmake /home/daisuke/ros2_ws/src/person_msgs -DCMAKE_INSTALL_PREFIX=/home/daisuke/ros2_ws/install/person_msgs
[0.435s] -- Found ament_cmake: 0.9.12 (/opt/ros/foxy/share/ament_cmake/cmake)
[0.453s] -- Found PythonInterp: /usr/bin/python3 (found suitable version "3.8.10", minimum required is "3") 
[0.453s] -- Using PYTHON_EXECUTABLE: /usr/bin/python3
[0.620s] -- Found rosidl_default_generators: 1.0.1 (/opt/ros/foxy/share/rosidl_default_generators/cmake)
[0.623s] -- Using all available rosidl_typesupport_c: rosidl_typesupport_fastrtps_c;rosidl_typesupport_introspection_c
[0.626s] -- Found rosidl_adapter: 1.3.1 (/opt/ros/foxy/share/rosidl_adapter/cmake)
[5.521s] -- Using all available rosidl_typesupport_cpp: rosidl_typesupport_fastrtps_cpp;rosidl_typesupport_introspection_cpp
[5.559s] -- Found PythonInterp: /usr/bin/python3 (found version "3.8.10") 
[5.672s] -- Found ament_cmake_ros: 0.9.2 (/opt/ros/foxy/share/ament_cmake_ros/cmake)
[10.349s] -- Using all available rosidl_typesupport_c: rosidl_typesupport_fastrtps_c;rosidl_typesupport_introspection_c
[10.370s] -- Using all available rosidl_typesupport_cpp: rosidl_typesupport_fastrtps_cpp;rosidl_typesupport_introspection_cpp
[10.406s] -- Found PythonInterp: /usr/bin/python3 (found suitable version "3.8.10", minimum required is "3.5") 
[10.409s] -- Found python_cmake_module: 0.8.1 (/opt/ros/foxy/share/python_cmake_module/cmake)
[11.023s] -- Found PythonLibs: /usr/lib/x86_64-linux-gnu/libpython3.8.so (found suitable version "3.8.10", minimum required is "3.5") 
[11.024s] -- Using PYTHON_EXECUTABLE: /usr/bin/python3
[11.024s] -- Using PYTHON_INCLUDE_DIRS: /usr/include/python3.8
[11.024s] -- Using PYTHON_LIBRARIES: /usr/lib/x86_64-linux-gnu/libpython3.8.so
[11.063s] -- Found PythonExtra: .so  
[11.169s] -- Found ament_lint_auto: 0.9.8 (/opt/ros/foxy/share/ament_lint_auto/cmake)
[11.247s] -- Added test 'copyright' to check source files copyright and LICENSE
[11.253s] -- Added test 'lint_cmake' to check CMake code style
[11.257s] -- Added test 'xmllint' to check XML markup files
[11.265s] -- Configuring done
[11.296s] -- Generating done
[11.298s] -- Build files have been written to: /home/daisuke/ros2_ws/build/person_msgs
[11.305s] Invoked command in '/home/daisuke/ros2_ws/build/person_msgs' returned '0': CMAKE_PREFIX_PATH=/home/daisuke/ros2_ws/install/mypkg:/opt/ros/foxy /usr/bin/cmake /home/daisuke/ros2_ws/src/person_msgs -DCMAKE_INSTALL_PREFIX=/home/daisuke/ros2_ws/install/person_msgs
[11.308s] Invoking command in '/home/daisuke/ros2_ws/build/person_msgs': CMAKE_PREFIX_PATH=/home/daisuke/ros2_ws/install/mypkg:/opt/ros/foxy /usr/bin/cmake --build /home/daisuke/ros2_ws/build/person_msgs -- -j8 -l8
[11.359s] [  3%] [34m[1mGenerating C code for ROS interfaces[0m
[11.359s] [35m[1mScanning dependencies of target person_msgs__cpp[0m
[11.369s] [  6%] [34m[1mGenerating C++ code for ROS interfaces[0m
[11.586s] [  6%] Built target person_msgs__cpp
[11.595s] [  9%] [34m[1mGenerating C++ type support dispatch for ROS interfaces[0m
[11.595s] [ 12%] [34m[1mGenerating C++ type support for eProsima Fast-RTPS[0m
[11.595s] [35m[1mScanning dependencies of target person_msgs__rosidl_generator_c[0m
[11.597s] [ 16%] [34m[1mGenerating C++ introspection for ROS interfaces[0m
[11.613s] [ 19%] [32mBuilding C object CMakeFiles/person_msgs__rosidl_generator_c.dir/rosidl_generator_c/person_msgs/msg/detail/person__functions.c.o[0m
[11.703s] [ 22%] [32m[1mLinking C shared library libperson_msgs__rosidl_generator_c.so[0m
[11.788s] [ 22%] Built target person_msgs__rosidl_generator_c
[11.798s] [ 25%] [34m[1mGenerating C type support dispatch for ROS interfaces[0m
[11.799s] [ 29%] [34m[1mGenerating C introspection for ROS interfaces[0m
[11.858s] [35m[1mScanning dependencies of target person_msgs__rosidl_typesupport_introspection_cpp[0m
[11.859s] [35m[1mScanning dependencies of target person_msgs__rosidl_typesupport_fastrtps_cpp[0m
[11.863s] [35m[1mScanning dependencies of target person_msgs__rosidl_typesupport_cpp[0m
[11.876s] [ 32%] [32mBuilding CXX object CMakeFiles/person_msgs__rosidl_typesupport_introspection_cpp.dir/rosidl_typesupport_introspection_cpp/person_msgs/msg/detail/person__type_support.cpp.o[0m
[11.877s] [ 35%] [32mBuilding CXX object CMakeFiles/person_msgs__rosidl_typesupport_cpp.dir/rosidl_typesupport_cpp/person_msgs/msg/person__type_support.cpp.o[0m
[11.878s] [ 38%] [32mBuilding CXX object CMakeFiles/person_msgs__rosidl_typesupport_fastrtps_cpp.dir/rosidl_typesupport_fastrtps_cpp/person_msgs/msg/detail/dds_fastrtps/person__type_support.cpp.o[0m
[12.062s] [35m[1mScanning dependencies of target person_msgs__rosidl_typesupport_c[0m
[12.074s] [ 41%] [32mBuilding CXX object CMakeFiles/person_msgs__rosidl_typesupport_c.dir/rosidl_typesupport_c/person_msgs/msg/person__type_support.cpp.o[0m
[12.074s] [35m[1mScanning dependencies of target person_msgs__rosidl_typesupport_introspection_c[0m
[12.087s] [ 45%] [32mBuilding C object CMakeFiles/person_msgs__rosidl_typesupport_introspection_c.dir/rosidl_typesupport_introspection_c/person_msgs/msg/detail/person__type_support.c.o[0m
[12.112s] [ 48%] [32m[1mLinking CXX shared library libperson_msgs__rosidl_typesupport_c.so[0m
[12.127s] [ 51%] [32m[1mLinking C shared library libperson_msgs__rosidl_typesupport_introspection_c.so[0m
[12.225s] [ 51%] Built target person_msgs__rosidl_typesupport_introspection_c
[12.228s] [ 51%] Built target person_msgs__rosidl_typesupport_c
[12.265s] [ 54%] [32m[1mLinking CXX shared library libperson_msgs__rosidl_typesupport_introspection_cpp.so[0m
[12.321s] [ 58%] [32m[1mLinking CXX shared library libperson_msgs__rosidl_typesupport_cpp.so[0m
[12.380s] [ 58%] Built target person_msgs__rosidl_typesupport_introspection_cpp
[12.403s] [ 58%] Built target person_msgs__rosidl_typesupport_cpp
[12.404s] [ 61%] [32m[1mLinking CXX shared library libperson_msgs__rosidl_typesupport_fastrtps_cpp.so[0m
[12.585s] [ 61%] Built target person_msgs__rosidl_typesupport_fastrtps_cpp
[12.600s] [ 64%] [34m[1mGenerating C type support for eProsima Fast-RTPS[0m
[12.884s] [35m[1mScanning dependencies of target person_msgs__rosidl_typesupport_fastrtps_c[0m
[12.898s] [ 67%] [32mBuilding CXX object CMakeFiles/person_msgs__rosidl_typesupport_fastrtps_c.dir/rosidl_typesupport_fastrtps_c/person_msgs/msg/detail/person__type_support_c.cpp.o[0m
[13.314s] [ 70%] [32m[1mLinking CXX shared library libperson_msgs__rosidl_typesupport_fastrtps_c.so[0m
[13.542s] [ 70%] Built target person_msgs__rosidl_typesupport_fastrtps_c
[13.549s] [35m[1mScanning dependencies of target person_msgs[0m
[13.558s] [ 70%] Built target person_msgs
[13.567s] [35m[1mScanning dependencies of target person_msgs__py[0m
[13.576s] [ 74%] [34m[1mGenerating Python code for ROS interfaces[0m
[14.194s] [ 74%] Built target person_msgs__py
[14.208s] [35m[1mScanning dependencies of target person_msgs__python[0m
[14.315s] [ 77%] [32mBuilding C object CMakeFiles/person_msgs__python.dir/rosidl_generator_py/person_msgs/msg/_person_s.c.o[0m
[14.492s] [ 80%] [32m[1mLinking C shared library rosidl_generator_py/person_msgs/libperson_msgs__python.so[0m
[14.656s] [ 80%] Built target person_msgs__python
[14.671s] [35m[1mScanning dependencies of target person_msgs__rosidl_typesupport_introspection_c__pyext[0m
[14.671s] [35m[1mScanning dependencies of target person_msgs__rosidl_typesupport_c__pyext[0m
[14.672s] [35m[1mScanning dependencies of target person_msgs__rosidl_typesupport_fastrtps_c__pyext[0m
[14.716s] [ 83%] [32mBuilding C object CMakeFiles/person_msgs__rosidl_typesupport_c__pyext.dir/rosidl_generator_py/person_msgs/_person_msgs_s.ep.rosidl_typesupport_c.c.o[0m
[14.721s] [ 87%] [32mBuilding C object CMakeFiles/person_msgs__rosidl_typesupport_fastrtps_c__pyext.dir/rosidl_generator_py/person_msgs/_person_msgs_s.ep.rosidl_typesupport_fastrtps_c.c.o[0m
[14.722s] [ 90%] [32mBuilding C object CMakeFiles/person_msgs__rosidl_typesupport_introspection_c__pyext.dir/rosidl_generator_py/person_msgs/_person_msgs_s.ep.rosidl_typesupport_introspection_c.c.o[0m
[14.796s] [ 93%] [32m[1mLinking C shared library rosidl_generator_py/person_msgs/person_msgs_s__rosidl_typesupport_introspection_c.cpython-38-x86_64-linux-gnu.so[0m
[14.800s] [ 96%] [32m[1mLinking CXX shared library rosidl_generator_py/person_msgs/person_msgs_s__rosidl_typesupport_fastrtps_c.cpython-38-x86_64-linux-gnu.so[0m
[14.804s] [100%] [32m[1mLinking C shared library rosidl_generator_py/person_msgs/person_msgs_s__rosidl_typesupport_c.cpython-38-x86_64-linux-gnu.so[0m
[14.877s] [100%] Built target person_msgs__rosidl_typesupport_introspection_c__pyext
[14.895s] [100%] Built target person_msgs__rosidl_typesupport_c__pyext
[14.897s] [100%] Built target person_msgs__rosidl_typesupport_fastrtps_c__pyext
[14.908s] Invoked command in '/home/daisuke/ros2_ws/build/person_msgs' returned '0': CMAKE_PREFIX_PATH=/home/daisuke/ros2_ws/install/mypkg:/opt/ros/foxy /usr/bin/cmake --build /home/daisuke/ros2_ws/build/person_msgs -- -j8 -l8
[14.960s] Invoking command in '/home/daisuke/ros2_ws/build/person_msgs': CMAKE_PREFIX_PATH=/home/daisuke/ros2_ws/install/mypkg:/opt/ros/foxy /usr/bin/cmake --install /home/daisuke/ros2_ws/build/person_msgs
[14.967s] -- Install configuration: ""
[14.968s] -- Installing: /home/daisuke/ros2_ws/install/person_msgs/share/ament_index/resource_index/rosidl_interfaces/person_msgs
[14.968s] -- Installing: /home/daisuke/ros2_ws/install/person_msgs/include/person_msgs
[14.968s] -- Installing: /home/daisuke/ros2_ws/install/person_msgs/include/person_msgs/msg
[14.969s] -- Installing: /home/daisuke/ros2_ws/install/person_msgs/include/person_msgs/msg/person.h
[14.969s] -- Installing: /home/daisuke/ros2_ws/install/person_msgs/include/person_msgs/msg/rosidl_generator_c__visibility_control.h
[14.969s] -- Installing: /home/daisuke/ros2_ws/install/person_msgs/include/person_msgs/msg/detail
[14.969s] -- Installing: /home/daisuke/ros2_ws/install/person_msgs/include/person_msgs/msg/detail/person__functions.c
[14.969s] -- Installing: /home/daisuke/ros2_ws/install/person_msgs/include/person_msgs/msg/detail/person__type_support.h
[14.970s] -- Installing: /home/daisuke/ros2_ws/install/person_msgs/include/person_msgs/msg/detail/person__functions.h
[14.970s] -- Installing: /home/daisuke/ros2_ws/install/person_msgs/include/person_msgs/msg/detail/person__struct.h
[14.970s] -- Installing: /home/daisuke/ros2_ws/install/person_msgs/share/person_msgs/environment/library_path.sh
[14.970s] -- Installing: /home/daisuke/ros2_ws/install/person_msgs/share/person_msgs/environment/library_path.dsv
[14.970s] -- Installing: /home/daisuke/ros2_ws/install/person_msgs/lib/libperson_msgs__rosidl_generator_c.so
[14.970s] -- Set runtime path of "/home/daisuke/ros2_ws/install/person_msgs/lib/libperson_msgs__rosidl_generator_c.so" to ""
[14.971s] -- Up-to-date: /home/daisuke/ros2_ws/install/person_msgs/include/person_msgs
[14.971s] -- Up-to-date: /home/daisuke/ros2_ws/install/person_msgs/include/person_msgs/msg
[14.971s] -- Installing: /home/daisuke/ros2_ws/install/person_msgs/include/person_msgs/msg/rosidl_typesupport_fastrtps_c__visibility_control.h
[14.971s] -- Up-to-date: /home/daisuke/ros2_ws/install/person_msgs/include/person_msgs/msg/detail
[14.972s] -- Installing: /home/daisuke/ros2_ws/install/person_msgs/include/person_msgs/msg/detail/person__rosidl_typesupport_fastrtps_c.h
[14.972s] -- Installing: /home/daisuke/ros2_ws/install/person_msgs/lib/libperson_msgs__rosidl_typesupport_fastrtps_c.so
[14.972s] -- Set runtime path of "/home/daisuke/ros2_ws/install/person_msgs/lib/libperson_msgs__rosidl_typesupport_fastrtps_c.so" to ""
[14.972s] -- Up-to-date: /home/daisuke/ros2_ws/install/person_msgs/include/person_msgs
[14.972s] -- Up-to-date: /home/daisuke/ros2_ws/install/person_msgs/include/person_msgs/msg
[14.972s] -- Installing: /home/daisuke/ros2_ws/install/person_msgs/include/person_msgs/msg/rosidl_typesupport_fastrtps_cpp__visibility_control.h
[14.973s] -- Up-to-date: /home/daisuke/ros2_ws/install/person_msgs/include/person_msgs/msg/detail
[14.973s] -- Installing: /home/daisuke/ros2_ws/install/person_msgs/include/person_msgs/msg/detail/dds_fastrtps
[14.973s] -- Installing: /home/daisuke/ros2_ws/install/person_msgs/include/person_msgs/msg/detail/person__rosidl_typesupport_fastrtps_cpp.hpp
[14.973s] -- Installing: /home/daisuke/ros2_ws/install/person_msgs/lib/libperson_msgs__rosidl_typesupport_fastrtps_cpp.so
[14.973s] -- Set runtime path of "/home/daisuke/ros2_ws/install/person_msgs/lib/libperson_msgs__rosidl_typesupport_fastrtps_cpp.so" to ""
[14.974s] -- Up-to-date: /home/daisuke/ros2_ws/install/person_msgs/include/person_msgs
[14.974s] -- Up-to-date: /home/daisuke/ros2_ws/install/person_msgs/include/person_msgs/msg
[14.974s] -- Installing: /home/daisuke/ros2_ws/install/person_msgs/include/person_msgs/msg/rosidl_typesupport_introspection_c__visibility_control.h
[14.974s] -- Up-to-date: /home/daisuke/ros2_ws/install/person_msgs/include/person_msgs/msg/detail
[14.974s] -- Installing: /home/daisuke/ros2_ws/install/person_msgs/include/person_msgs/msg/detail/person__type_support.c
[14.974s] -- Installing: /home/daisuke/ros2_ws/install/person_msgs/include/person_msgs/msg/detail/person__rosidl_typesupport_introspection_c.h
[14.974s] -- Installing: /home/daisuke/ros2_ws/install/person_msgs/lib/libperson_msgs__rosidl_typesupport_introspection_c.so
[14.975s] -- Set runtime path of "/home/daisuke/ros2_ws/install/person_msgs/lib/libperson_msgs__rosidl_typesupport_introspection_c.so" to ""
[14.975s] -- Installing: /home/daisuke/ros2_ws/install/person_msgs/lib/libperson_msgs__rosidl_typesupport_c.so
[14.975s] -- Set runtime path of "/home/daisuke/ros2_ws/install/person_msgs/lib/libperson_msgs__rosidl_typesupport_c.so" to ""
[14.975s] -- Up-to-date: /home/daisuke/ros2_ws/install/person_msgs/include/person_msgs
[14.975s] -- Up-to-date: /home/daisuke/ros2_ws/install/person_msgs/include/person_msgs/msg
[14.975s] -- Installing: /home/daisuke/ros2_ws/install/person_msgs/include/person_msgs/msg/person.hpp
[14.976s] -- Installing: /home/daisuke/ros2_ws/install/person_msgs/include/person_msgs/msg/rosidl_generator_cpp__visibility_control.hpp
[14.976s] -- Up-to-date: /home/daisuke/ros2_ws/install/person_msgs/include/person_msgs/msg/detail
[14.976s] -- Installing: /home/daisuke/ros2_ws/install/person_msgs/include/person_msgs/msg/detail/person__builder.hpp
[14.976s] -- Installing: /home/daisuke/ros2_ws/install/person_msgs/include/person_msgs/msg/detail/person__type_support.hpp
[14.976s] -- Installing: /home/daisuke/ros2_ws/install/person_msgs/include/person_msgs/msg/detail/person__traits.hpp
[14.976s] -- Installing: /home/daisuke/ros2_ws/install/person_msgs/include/person_msgs/msg/detail/person__struct.hpp
[14.976s] -- Up-to-date: /home/daisuke/ros2_ws/install/person_msgs/include/person_msgs
[14.976s] -- Up-to-date: /home/daisuke/ros2_ws/install/person_msgs/include/person_msgs/msg
[14.976s] -- Up-to-date: /home/daisuke/ros2_ws/install/person_msgs/include/person_msgs/msg/detail
[14.976s] -- Installing: /home/daisuke/ros2_ws/install/person_msgs/include/person_msgs/msg/detail/person__rosidl_typesupport_introspection_cpp.hpp
[14.976s] -- Installing: /home/daisuke/ros2_ws/install/person_msgs/include/person_msgs/msg/detail/person__type_support.cpp
[14.977s] -- Installing: /home/daisuke/ros2_ws/install/person_msgs/lib/libperson_msgs__rosidl_typesupport_introspection_cpp.so
[14.977s] -- Set runtime path of "/home/daisuke/ros2_ws/install/person_msgs/lib/libperson_msgs__rosidl_typesupport_introspection_cpp.so" to ""
[14.977s] -- Installing: /home/daisuke/ros2_ws/install/person_msgs/lib/libperson_msgs__rosidl_typesupport_cpp.so
[14.977s] -- Set runtime path of "/home/daisuke/ros2_ws/install/person_msgs/lib/libperson_msgs__rosidl_typesupport_cpp.so" to ""
[14.977s] -- Installing: /home/daisuke/ros2_ws/install/person_msgs/share/person_msgs/environment/pythonpath.sh
[14.977s] -- Installing: /home/daisuke/ros2_ws/install/person_msgs/share/person_msgs/environment/pythonpath.dsv
[14.977s] -- Installing: /home/daisuke/ros2_ws/install/person_msgs/lib/python3.8/site-packages/person_msgs/__init__.py
[15.001s] Compiling '/home/daisuke/ros2_ws/install/person_msgs/lib/python3.8/site-packages/person_msgs/__init__.py'...
[15.005s] -- Installing: /home/daisuke/ros2_ws/install/person_msgs/lib/python3.8/site-packages/person_msgs/msg
[15.005s] -- Installing: /home/daisuke/ros2_ws/install/person_msgs/lib/python3.8/site-packages/person_msgs/msg/_person.py
[15.006s] -- Installing: /home/daisuke/ros2_ws/install/person_msgs/lib/python3.8/site-packages/person_msgs/msg/_person_s.c
[15.006s] -- Installing: /home/daisuke/ros2_ws/install/person_msgs/lib/python3.8/site-packages/person_msgs/msg/__init__.py
[15.006s] -- Installing: /home/daisuke/ros2_ws/install/person_msgs/lib/python3.8/site-packages/person_msgs/person_msgs_s__rosidl_typesupport_fastrtps_c.cpython-38-x86_64-linux-gnu.so
[15.007s] -- Set runtime path of "/home/daisuke/ros2_ws/install/person_msgs/lib/python3.8/site-packages/person_msgs/person_msgs_s__rosidl_typesupport_fastrtps_c.cpython-38-x86_64-linux-gnu.so" to ""
[15.007s] -- Installing: /home/daisuke/ros2_ws/install/person_msgs/lib/python3.8/site-packages/person_msgs/person_msgs_s__rosidl_typesupport_introspection_c.cpython-38-x86_64-linux-gnu.so
[15.007s] -- Set runtime path of "/home/daisuke/ros2_ws/install/person_msgs/lib/python3.8/site-packages/person_msgs/person_msgs_s__rosidl_typesupport_introspection_c.cpython-38-x86_64-linux-gnu.so" to ""
[15.008s] -- Installing: /home/daisuke/ros2_ws/install/person_msgs/lib/python3.8/site-packages/person_msgs/person_msgs_s__rosidl_typesupport_c.cpython-38-x86_64-linux-gnu.so
[15.008s] -- Set runtime path of "/home/daisuke/ros2_ws/install/person_msgs/lib/python3.8/site-packages/person_msgs/person_msgs_s__rosidl_typesupport_c.cpython-38-x86_64-linux-gnu.so" to ""
[15.008s] -- Installing: /home/daisuke/ros2_ws/install/person_msgs/lib/libperson_msgs__python.so
[15.008s] -- Set runtime path of "/home/daisuke/ros2_ws/install/person_msgs/lib/libperson_msgs__python.so" to ""
[15.008s] -- Installing: /home/daisuke/ros2_ws/install/person_msgs/share/person_msgs/msg/Person.idl
[15.009s] -- Installing: /home/daisuke/ros2_ws/install/person_msgs/share/person_msgs/msg/Person.msg
[15.009s] -- Installing: /home/daisuke/ros2_ws/install/person_msgs/share/ament_index/resource_index/package_run_dependencies/person_msgs
[15.009s] -- Installing: /home/daisuke/ros2_ws/install/person_msgs/share/ament_index/resource_index/parent_prefix_path/person_msgs
[15.009s] -- Installing: /home/daisuke/ros2_ws/install/person_msgs/share/person_msgs/environment/ament_prefix_path.sh
[15.009s] -- Installing: /home/daisuke/ros2_ws/install/person_msgs/share/person_msgs/environment/ament_prefix_path.dsv
[15.010s] -- Installing: /home/daisuke/ros2_ws/install/person_msgs/share/person_msgs/environment/path.sh
[15.010s] -- Installing: /home/daisuke/ros2_ws/install/person_msgs/share/person_msgs/environment/path.dsv
[15.011s] -- Installing: /home/daisuke/ros2_ws/install/person_msgs/share/person_msgs/local_setup.bash
[15.011s] -- Installing: /home/daisuke/ros2_ws/install/person_msgs/share/person_msgs/local_setup.sh
[15.011s] -- Installing: /home/daisuke/ros2_ws/install/person_msgs/share/person_msgs/local_setup.zsh
[15.011s] -- Installing: /home/daisuke/ros2_ws/install/person_msgs/share/person_msgs/local_setup.dsv
[15.011s] -- Installing: /home/daisuke/ros2_ws/install/person_msgs/share/person_msgs/package.dsv
[15.012s] -- Installing: /home/daisuke/ros2_ws/install/person_msgs/share/ament_index/resource_index/packages/person_msgs
[15.012s] -- Installing: /home/daisuke/ros2_ws/install/person_msgs/share/person_msgs/cmake/person_msgs__rosidl_generator_cExport.cmake
[15.012s] -- Installing: /home/daisuke/ros2_ws/install/person_msgs/share/person_msgs/cmake/person_msgs__rosidl_generator_cExport-noconfig.cmake
[15.013s] -- Installing: /home/daisuke/ros2_ws/install/person_msgs/share/person_msgs/cmake/person_msgs__rosidl_typesupport_introspection_cExport.cmake
[15.013s] -- Installing: /home/daisuke/ros2_ws/install/person_msgs/share/person_msgs/cmake/person_msgs__rosidl_typesupport_introspection_cExport-noconfig.cmake
[15.013s] -- Installing: /home/daisuke/ros2_ws/install/person_msgs/share/person_msgs/cmake/person_msgs__rosidl_typesupport_cExport.cmake
[15.014s] -- Installing: /home/daisuke/ros2_ws/install/person_msgs/share/person_msgs/cmake/person_msgs__rosidl_typesupport_cExport-noconfig.cmake
[15.014s] -- Installing: /home/daisuke/ros2_ws/install/person_msgs/share/person_msgs/cmake/person_msgs__rosidl_generator_cppExport.cmake
[15.014s] -- Installing: /home/daisuke/ros2_ws/install/person_msgs/share/person_msgs/cmake/person_msgs__rosidl_typesupport_introspection_cppExport.cmake
[15.014s] -- Installing: /home/daisuke/ros2_ws/install/person_msgs/share/person_msgs/cmake/person_msgs__rosidl_typesupport_introspection_cppExport-noconfig.cmake
[15.014s] -- Installing: /home/daisuke/ros2_ws/install/person_msgs/share/person_msgs/cmake/person_msgs__rosidl_typesupport_cppExport.cmake
[15.014s] -- Installing: /home/daisuke/ros2_ws/install/person_msgs/share/person_msgs/cmake/person_msgs__rosidl_typesupport_cppExport-noconfig.cmake
[15.014s] -- Installing: /home/daisuke/ros2_ws/install/person_msgs/share/person_msgs/cmake/rosidl_cmake-extras.cmake
[15.014s] -- Installing: /home/daisuke/ros2_ws/install/person_msgs/share/person_msgs/cmake/ament_cmake_export_dependencies-extras.cmake
[15.014s] -- Installing: /home/daisuke/ros2_ws/install/person_msgs/share/person_msgs/cmake/ament_cmake_export_libraries-extras.cmake
[15.014s] -- Installing: /home/daisuke/ros2_ws/install/person_msgs/share/person_msgs/cmake/ament_cmake_export_targets-extras.cmake
[15.014s] -- Installing: /home/daisuke/ros2_ws/install/person_msgs/share/person_msgs/cmake/ament_cmake_export_include_directories-extras.cmake
[15.014s] -- Installing: /home/daisuke/ros2_ws/install/person_msgs/share/person_msgs/cmake/rosidl_cmake_export_typesupport_libraries-extras.cmake
[15.015s] -- Installing: /home/daisuke/ros2_ws/install/person_msgs/share/person_msgs/cmake/rosidl_cmake_export_typesupport_targets-extras.cmake
[15.015s] -- Installing: /home/daisuke/ros2_ws/install/person_msgs/share/person_msgs/cmake/person_msgsConfig.cmake
[15.015s] -- Installing: /home/daisuke/ros2_ws/install/person_msgs/share/person_msgs/cmake/person_msgsConfig-version.cmake
[15.015s] -- Installing: /home/daisuke/ros2_ws/install/person_msgs/share/person_msgs/package.xml
[15.016s] Invoked command in '/home/daisuke/ros2_ws/build/person_msgs' returned '0': CMAKE_PREFIX_PATH=/home/daisuke/ros2_ws/install/mypkg:/opt/ros/foxy /usr/bin/cmake --install /home/daisuke/ros2_ws/build/person_msgs
