[1.726s] DEBUG:colcon:Command line arguments: ['/usr/bin/colcon', 'build']
[1.726s] DEBUG:colcon:Parsed command line arguments: Namespace(allow_overriding=[], ament_cmake_args=None, base_paths=['.'], build_base='build', catkin_cmake_args=None, catkin_skip_building_tests=False, cmake_args=None, cmake_clean_cache=False, cmake_clean_first=False, cmake_force_configure=False, cmake_target=None, cmake_target_skip_unavailable=False, continue_on_error=False, event_handlers=None, executor='parallel', ignore_user_meta=False, install_base='install', log_base=None, log_level=None, main=<bound method BuildVerb.main of <colcon_core.verb.build.BuildVerb object at 0x7f10f05252e0>>, merge_install=False, metas=['./colcon.meta'], packages_above=None, packages_above_and_dependencies=None, packages_above_depth=None, packages_end=None, packages_ignore=None, packages_ignore_regex=None, packages_select=None, packages_select_build_failed=False, packages_select_by_dep=None, packages_select_regex=None, packages_select_test_failures=False, packages_skip=None, packages_skip_build_finished=False, packages_skip_by_dep=None, packages_skip_regex=None, packages_skip_test_passed=False, packages_skip_up_to=None, packages_start=None, packages_up_to=None, packages_up_to_regex=None, parallel_workers=8, paths=None, symlink_install=False, test_result_base=None, verb_extension=<colcon_core.verb.build.BuildVerb object at 0x7f10f05252e0>, verb_name='build', verb_parser=<colcon_defaults.argument_parser.defaults.DefaultArgumentsDecorator object at 0x7f10f010c370>)
[1.799s] Level 1:colcon.colcon_core.package_discovery:discover_packages(colcon_meta) check parameters
[1.799s] Level 1:colcon.colcon_core.package_discovery:discover_packages(recursive) check parameters
[1.800s] Level 1:colcon.colcon_core.package_discovery:discover_packages(ignore) check parameters
[1.800s] Level 1:colcon.colcon_core.package_discovery:discover_packages(path) check parameters
[1.800s] Level 1:colcon.colcon_core.package_discovery:discover_packages(colcon_meta) discover
[1.800s] Level 1:colcon.colcon_core.package_discovery:discover_packages(recursive) discover
[1.800s] INFO:colcon.colcon_core.package_discovery:Crawling recursively for packages in '/home/daisuke/ros2_ws'
[1.800s] Level 1:colcon.colcon_core.package_identification:_identify(.) by extensions ['ignore', 'ignore_ament_install']
[1.800s] Level 1:colcon.colcon_core.package_identification:_identify(.) by extension 'ignore'
[1.800s] Level 1:colcon.colcon_core.package_identification:_identify(.) by extension 'ignore_ament_install'
[1.800s] Level 1:colcon.colcon_core.package_identification:_identify(.) by extensions ['colcon_pkg']
[1.800s] Level 1:colcon.colcon_core.package_identification:_identify(.) by extension 'colcon_pkg'
[1.800s] Level 1:colcon.colcon_core.package_identification:_identify(.) by extensions ['colcon_meta']
[1.800s] Level 1:colcon.colcon_core.package_identification:_identify(.) by extension 'colcon_meta'
[1.800s] Level 1:colcon.colcon_core.package_identification:_identify(.) by extensions ['ros']
[1.800s] Level 1:colcon.colcon_core.package_identification:_identify(.) by extension 'ros'
[1.810s] Level 1:colcon.colcon_core.package_identification:_identify(.) by extensions ['cmake', 'python']
[1.810s] Level 1:colcon.colcon_core.package_identification:_identify(.) by extension 'cmake'
[1.810s] Level 1:colcon.colcon_core.package_identification:_identify(.) by extension 'python'
[1.810s] Level 1:colcon.colcon_core.package_identification:_identify(.) by extensions ['python_setup_py']
[1.810s] Level 1:colcon.colcon_core.package_identification:_identify(.) by extension 'python_setup_py'
[1.811s] Level 1:colcon.colcon_core.package_identification:_identify(build) by extensions ['ignore', 'ignore_ament_install']
[1.811s] Level 1:colcon.colcon_core.package_identification:_identify(build) by extension 'ignore'
[1.811s] Level 1:colcon.colcon_core.package_identification:_identify(build) ignored
[1.811s] Level 1:colcon.colcon_core.package_identification:_identify(install) by extensions ['ignore', 'ignore_ament_install']
[1.811s] Level 1:colcon.colcon_core.package_identification:_identify(install) by extension 'ignore'
[1.811s] Level 1:colcon.colcon_core.package_identification:_identify(install) ignored
[1.811s] Level 1:colcon.colcon_core.package_identification:_identify(log) by extensions ['ignore', 'ignore_ament_install']
[1.811s] Level 1:colcon.colcon_core.package_identification:_identify(log) by extension 'ignore'
[1.811s] Level 1:colcon.colcon_core.package_identification:_identify(log) ignored
[1.811s] Level 1:colcon.colcon_core.package_identification:_identify(src) by extensions ['ignore', 'ignore_ament_install']
[1.811s] Level 1:colcon.colcon_core.package_identification:_identify(src) by extension 'ignore'
[1.811s] Level 1:colcon.colcon_core.package_identification:_identify(src) by extension 'ignore_ament_install'
[1.811s] Level 1:colcon.colcon_core.package_identification:_identify(src) by extensions ['colcon_pkg']
[1.811s] Level 1:colcon.colcon_core.package_identification:_identify(src) by extension 'colcon_pkg'
[1.811s] Level 1:colcon.colcon_core.package_identification:_identify(src) by extensions ['colcon_meta']
[1.811s] Level 1:colcon.colcon_core.package_identification:_identify(src) by extension 'colcon_meta'
[1.811s] Level 1:colcon.colcon_core.package_identification:_identify(src) by extensions ['ros']
[1.811s] Level 1:colcon.colcon_core.package_identification:_identify(src) by extension 'ros'
[1.812s] Level 1:colcon.colcon_core.package_identification:_identify(src) by extensions ['cmake', 'python']
[1.812s] Level 1:colcon.colcon_core.package_identification:_identify(src) by extension 'cmake'
[1.812s] Level 1:colcon.colcon_core.package_identification:_identify(src) by extension 'python'
[1.812s] Level 1:colcon.colcon_core.package_identification:_identify(src) by extensions ['python_setup_py']
[1.812s] Level 1:colcon.colcon_core.package_identification:_identify(src) by extension 'python_setup_py'
[1.812s] Level 1:colcon.colcon_core.package_identification:_identify(src/mypkg) by extensions ['ignore', 'ignore_ament_install']
[1.812s] Level 1:colcon.colcon_core.package_identification:_identify(src/mypkg) by extension 'ignore'
[1.812s] Level 1:colcon.colcon_core.package_identification:_identify(src/mypkg) by extension 'ignore_ament_install'
[1.812s] Level 1:colcon.colcon_core.package_identification:_identify(src/mypkg) by extensions ['colcon_pkg']
[1.812s] Level 1:colcon.colcon_core.package_identification:_identify(src/mypkg) by extension 'colcon_pkg'
[1.812s] Level 1:colcon.colcon_core.package_identification:_identify(src/mypkg) by extensions ['colcon_meta']
[1.812s] Level 1:colcon.colcon_core.package_identification:_identify(src/mypkg) by extension 'colcon_meta'
[1.812s] Level 1:colcon.colcon_core.package_identification:_identify(src/mypkg) by extensions ['ros']
[1.812s] Level 1:colcon.colcon_core.package_identification:_identify(src/mypkg) by extension 'ros'
[1.814s] DEBUG:colcon.colcon_core.package_identification:Package 'src/mypkg' with type 'ros.ament_python' and name 'mypkg'
[1.814s] Level 1:colcon.colcon_core.package_identification:_identify(src/person_msgs) by extensions ['ignore', 'ignore_ament_install']
[1.814s] Level 1:colcon.colcon_core.package_identification:_identify(src/person_msgs) by extension 'ignore'
[1.814s] Level 1:colcon.colcon_core.package_identification:_identify(src/person_msgs) by extension 'ignore_ament_install'
[1.814s] Level 1:colcon.colcon_core.package_identification:_identify(src/person_msgs) by extensions ['colcon_pkg']
[1.815s] Level 1:colcon.colcon_core.package_identification:_identify(src/person_msgs) by extension 'colcon_pkg'
[1.815s] Level 1:colcon.colcon_core.package_identification:_identify(src/person_msgs) by extensions ['colcon_meta']
[1.815s] Level 1:colcon.colcon_core.package_identification:_identify(src/person_msgs) by extension 'colcon_meta'
[1.815s] Level 1:colcon.colcon_core.package_identification:_identify(src/person_msgs) by extensions ['ros']
[1.815s] Level 1:colcon.colcon_core.package_identification:_identify(src/person_msgs) by extension 'ros'
[1.815s] DEBUG:colcon.colcon_core.package_identification:Package 'src/person_msgs' with type 'ros.ament_cmake' and name 'person_msgs'
[1.815s] Level 1:colcon.colcon_core.package_discovery:discover_packages(recursive) using defaults
[1.815s] Level 1:colcon.colcon_core.package_discovery:discover_packages(ignore) discover
[1.815s] Level 1:colcon.colcon_core.package_discovery:discover_packages(ignore) using defaults
[1.815s] Level 1:colcon.colcon_core.package_discovery:discover_packages(path) discover
[1.815s] Level 1:colcon.colcon_core.package_discovery:discover_packages(path) using defaults
[1.950s] Level 1:colcon.colcon_core.package_discovery:discover_packages(prefix_path) check parameters
[1.950s] Level 1:colcon.colcon_core.package_discovery:discover_packages(prefix_path) discover
[2.000s] DEBUG:colcon.colcon_installed_package_information.package_discovery:Found 2 installed packages in /home/daisuke/ros2_ws/install
[2.025s] DEBUG:colcon.colcon_installed_package_information.package_discovery:Found 256 installed packages in /opt/ros/foxy
[2.026s] Level 1:colcon.colcon_core.package_discovery:discover_packages(prefix_path) using defaults
[2.144s] Level 5:colcon.colcon_core.verb:set package 'mypkg' build argument 'cmake_args' from command line to 'None'
[2.144s] Level 5:colcon.colcon_core.verb:set package 'mypkg' build argument 'cmake_target' from command line to 'None'
[2.144s] Level 5:colcon.colcon_core.verb:set package 'mypkg' build argument 'cmake_target_skip_unavailable' from command line to 'False'
[2.144s] Level 5:colcon.colcon_core.verb:set package 'mypkg' build argument 'cmake_clean_cache' from command line to 'False'
[2.145s] Level 5:colcon.colcon_core.verb:set package 'mypkg' build argument 'cmake_clean_first' from command line to 'False'
[2.145s] Level 5:colcon.colcon_core.verb:set package 'mypkg' build argument 'cmake_force_configure' from command line to 'False'
[2.145s] Level 5:colcon.colcon_core.verb:set package 'mypkg' build argument 'ament_cmake_args' from command line to 'None'
[2.145s] Level 5:colcon.colcon_core.verb:set package 'mypkg' build argument 'catkin_cmake_args' from command line to 'None'
[2.145s] Level 5:colcon.colcon_core.verb:set package 'mypkg' build argument 'catkin_skip_building_tests' from command line to 'False'
[2.145s] DEBUG:colcon.colcon_core.verb:Building package 'mypkg' with the following arguments: {'ament_cmake_args': None, 'build_base': '/home/daisuke/ros2_ws/build/mypkg', 'catkin_cmake_args': None, 'catkin_skip_building_tests': False, 'cmake_args': None, 'cmake_clean_cache': False, 'cmake_clean_first': False, 'cmake_force_configure': False, 'cmake_target': None, 'cmake_target_skip_unavailable': False, 'install_base': '/home/daisuke/ros2_ws/install/mypkg', 'merge_install': False, 'path': '/home/daisuke/ros2_ws/src/mypkg', 'symlink_install': False, 'test_result_base': None}
[2.175s] Level 5:colcon.colcon_core.verb:set package 'person_msgs' build argument 'cmake_args' from command line to 'None'
[2.175s] Level 5:colcon.colcon_core.verb:set package 'person_msgs' build argument 'cmake_target' from command line to 'None'
[2.175s] Level 5:colcon.colcon_core.verb:set package 'person_msgs' build argument 'cmake_target_skip_unavailable' from command line to 'False'
[2.175s] Level 5:colcon.colcon_core.verb:set package 'person_msgs' build argument 'cmake_clean_cache' from command line to 'False'
[2.175s] Level 5:colcon.colcon_core.verb:set package 'person_msgs' build argument 'cmake_clean_first' from command line to 'False'
[2.175s] Level 5:colcon.colcon_core.verb:set package 'person_msgs' build argument 'cmake_force_configure' from command line to 'False'
[2.175s] Level 5:colcon.colcon_core.verb:set package 'person_msgs' build argument 'ament_cmake_args' from command line to 'None'
[2.175s] Level 5:colcon.colcon_core.verb:set package 'person_msgs' build argument 'catkin_cmake_args' from command line to 'None'
[2.175s] Level 5:colcon.colcon_core.verb:set package 'person_msgs' build argument 'catkin_skip_building_tests' from command line to 'False'
[2.175s] DEBUG:colcon.colcon_core.verb:Building package 'person_msgs' with the following arguments: {'ament_cmake_args': None, 'build_base': '/home/daisuke/ros2_ws/build/person_msgs', 'catkin_cmake_args': None, 'catkin_skip_building_tests': False, 'cmake_args': None, 'cmake_clean_cache': False, 'cmake_clean_first': False, 'cmake_force_configure': False, 'cmake_target': None, 'cmake_target_skip_unavailable': False, 'install_base': '/home/daisuke/ros2_ws/install/person_msgs', 'merge_install': False, 'path': '/home/daisuke/ros2_ws/src/person_msgs', 'symlink_install': False, 'test_result_base': None}
[2.198s] INFO:colcon.colcon_core.executor:Executing jobs using 'parallel' executor
[2.224s] DEBUG:colcon.colcon_parallel_executor.executor.parallel:run_until_complete
[2.224s] INFO:colcon.colcon_ros.task.ament_python.build:Building ROS package in '/home/daisuke/ros2_ws/src/mypkg' with build type 'ament_python'
[2.225s] Level 1:colcon.colcon_core.shell:create_environment_hook('mypkg', 'ament_prefix_path')
[2.255s] INFO:colcon.colcon_core.plugin_system:Skipping extension 'colcon_core.shell.bat': Not used on non-Windows systems
[2.255s] INFO:colcon.colcon_core.shell:Creating environment hook '/home/daisuke/ros2_ws/install/mypkg/share/mypkg/hook/ament_prefix_path.ps1'
[2.256s] INFO:colcon.colcon_core.shell:Creating environment descriptor '/home/daisuke/ros2_ws/install/mypkg/share/mypkg/hook/ament_prefix_path.dsv'
[2.256s] INFO:colcon.colcon_core.shell:Creating environment hook '/home/daisuke/ros2_ws/install/mypkg/share/mypkg/hook/ament_prefix_path.sh'
[2.283s] INFO:colcon.colcon_core.shell:Skip shell extension 'powershell' for command environment: Not usable outside of PowerShell
[2.283s] DEBUG:colcon.colcon_core.shell:Skip shell extension 'dsv' for command environment
[2.386s] INFO:colcon.colcon_ros.task.ament_cmake.build:Building ROS package in '/home/daisuke/ros2_ws/src/person_msgs' with build type 'ament_cmake'
[2.386s] INFO:colcon.colcon_cmake.task.cmake.build:Building CMake package in '/home/daisuke/ros2_ws/src/person_msgs'
[2.423s] INFO:colcon.colcon_core.shell:Skip shell extension 'powershell' for command environment: Not usable outside of PowerShell
[2.424s] DEBUG:colcon.colcon_core.shell:Skip shell extension 'dsv' for command environment
[2.706s] INFO:colcon.colcon_core.task.python.build:Building Python package in '/home/daisuke/ros2_ws/src/mypkg'
[2.732s] INFO:colcon.colcon_core.shell:Skip shell extension 'powershell' for command environment: Not usable outside of PowerShell
[2.733s] DEBUG:colcon.colcon_core.shell:Skip shell extension 'dsv' for command environment
[2.823s] DEBUG:colcon.colcon_core.event_handler.log_command:Invoking command in '/home/daisuke/ros2_ws/build/person_msgs': CMAKE_PREFIX_PATH=/home/daisuke/ros2_ws/install/mypkg:/opt/ros/foxy /usr/bin/cmake --build /home/daisuke/ros2_ws/build/person_msgs -- -j8 -l8
[3.174s] DEBUG:colcon.colcon_core.event_handler.log_command:Invoking command in '/home/daisuke/ros2_ws/src/mypkg': PYTHONPATH=/home/daisuke/ros2_ws/build/mypkg/prefix_override:/home/daisuke/ros2_ws/install/mypkg/lib/python3.8/site-packages:${PYTHONPATH} /usr/bin/python3 setup.py egg_info --egg-base ../../build/mypkg build --build-base /home/daisuke/ros2_ws/build/mypkg/build install --record /home/daisuke/ros2_ws/build/mypkg/install.log --install-scripts $base/lib/mypkg --single-version-externally-managed
[3.439s] DEBUG:colcon.colcon_core.event_handler.log_command:Invoked command in '/home/daisuke/ros2_ws/src/mypkg' returned '0': PYTHONPATH=/home/daisuke/ros2_ws/build/mypkg/prefix_override:/home/daisuke/ros2_ws/install/mypkg/lib/python3.8/site-packages:${PYTHONPATH} /usr/bin/python3 setup.py egg_info --egg-base ../../build/mypkg build --build-base /home/daisuke/ros2_ws/build/mypkg/build install --record /home/daisuke/ros2_ws/build/mypkg/install.log --install-scripts $base/lib/mypkg --single-version-externally-managed
[3.470s] Level 1:colcon.colcon_core.environment:checking '/home/daisuke/ros2_ws/install/mypkg' for CMake module files
[3.471s] Level 1:colcon.colcon_core.environment:checking '/home/daisuke/ros2_ws/install/mypkg' for CMake config files
[3.472s] Level 1:colcon.colcon_core.environment:checking '/home/daisuke/ros2_ws/install/mypkg/lib'
[3.472s] Level 1:colcon.colcon_core.environment:checking '/home/daisuke/ros2_ws/install/mypkg/bin'
[3.472s] Level 1:colcon.colcon_core.environment:checking '/home/daisuke/ros2_ws/install/mypkg/lib/pkgconfig/mypkg.pc'
[3.473s] Level 1:colcon.colcon_core.environment:checking '/home/daisuke/ros2_ws/install/mypkg/lib/python3.8/site-packages'
[3.473s] Level 1:colcon.colcon_core.shell:create_environment_hook('mypkg', 'pythonpath')
[3.503s] INFO:colcon.colcon_core.shell:Creating environment hook '/home/daisuke/ros2_ws/install/mypkg/share/mypkg/hook/pythonpath.ps1'
[3.503s] INFO:colcon.colcon_core.shell:Creating environment descriptor '/home/daisuke/ros2_ws/install/mypkg/share/mypkg/hook/pythonpath.dsv'
[3.503s] INFO:colcon.colcon_core.shell:Creating environment hook '/home/daisuke/ros2_ws/install/mypkg/share/mypkg/hook/pythonpath.sh'
[3.504s] Level 1:colcon.colcon_core.environment:checking '/home/daisuke/ros2_ws/install/mypkg/bin'
[3.504s] Level 1:colcon.colcon_core.environment:create_environment_scripts_only(mypkg)
[3.538s] INFO:colcon.colcon_core.shell:Creating package script '/home/daisuke/ros2_ws/install/mypkg/share/mypkg/package.ps1'
[3.539s] INFO:colcon.colcon_core.shell:Creating package descriptor '/home/daisuke/ros2_ws/install/mypkg/share/mypkg/package.dsv'
[3.540s] INFO:colcon.colcon_core.shell:Creating package script '/home/daisuke/ros2_ws/install/mypkg/share/mypkg/package.sh'
[3.541s] INFO:colcon.colcon_core.shell:Creating package script '/home/daisuke/ros2_ws/install/mypkg/share/mypkg/package.bash'
[3.542s] INFO:colcon.colcon_core.shell:Creating package script '/home/daisuke/ros2_ws/install/mypkg/share/mypkg/package.zsh'
[3.543s] Level 1:colcon.colcon_core.environment:create_file_with_runtime_dependencies(/home/daisuke/ros2_ws/install/mypkg/share/colcon-core/packages/mypkg)
[14.171s] DEBUG:colcon.colcon_core.event_handler.log_command:Invoked command in '/home/daisuke/ros2_ws/build/person_msgs' returned '0': CMAKE_PREFIX_PATH=/home/daisuke/ros2_ws/install/mypkg:/opt/ros/foxy /usr/bin/cmake --build /home/daisuke/ros2_ws/build/person_msgs -- -j8 -l8
[14.250s] DEBUG:colcon.colcon_core.event_handler.log_command:Invoking command in '/home/daisuke/ros2_ws/build/person_msgs': CMAKE_PREFIX_PATH=/home/daisuke/ros2_ws/install/mypkg:/opt/ros/foxy /usr/bin/cmake --install /home/daisuke/ros2_ws/build/person_msgs
[14.317s] Level 1:colcon.colcon_core.environment:create_environment_scripts_only(person_msgs)
[14.318s] DEBUG:colcon.colcon_core.event_handler.log_command:Invoked command in '/home/daisuke/ros2_ws/build/person_msgs' returned '0': CMAKE_PREFIX_PATH=/home/daisuke/ros2_ws/install/mypkg:/opt/ros/foxy /usr/bin/cmake --install /home/daisuke/ros2_ws/build/person_msgs
[14.345s] Level 1:colcon.colcon_core.environment:checking '/home/daisuke/ros2_ws/install/person_msgs' for CMake module files
[14.346s] Level 1:colcon.colcon_core.environment:checking '/home/daisuke/ros2_ws/install/person_msgs' for CMake config files
[14.346s] Level 1:colcon.colcon_core.shell:create_environment_hook('person_msgs', 'cmake_prefix_path')
[14.374s] INFO:colcon.colcon_core.shell:Creating environment hook '/home/daisuke/ros2_ws/install/person_msgs/share/person_msgs/hook/cmake_prefix_path.ps1'
[14.374s] INFO:colcon.colcon_core.shell:Creating environment descriptor '/home/daisuke/ros2_ws/install/person_msgs/share/person_msgs/hook/cmake_prefix_path.dsv'
[14.375s] INFO:colcon.colcon_core.shell:Creating environment hook '/home/daisuke/ros2_ws/install/person_msgs/share/person_msgs/hook/cmake_prefix_path.sh'
[14.375s] Level 1:colcon.colcon_core.environment:checking '/home/daisuke/ros2_ws/install/person_msgs/lib'
[14.375s] Level 1:colcon.colcon_core.shell:create_environment_hook('person_msgs', 'ld_library_path_lib')
[14.399s] INFO:colcon.colcon_core.shell:Creating environment hook '/home/daisuke/ros2_ws/install/person_msgs/share/person_msgs/hook/ld_library_path_lib.ps1'
[14.399s] INFO:colcon.colcon_core.shell:Creating environment descriptor '/home/daisuke/ros2_ws/install/person_msgs/share/person_msgs/hook/ld_library_path_lib.dsv'
[14.400s] INFO:colcon.colcon_core.shell:Creating environment hook '/home/daisuke/ros2_ws/install/person_msgs/share/person_msgs/hook/ld_library_path_lib.sh'
[14.400s] Level 1:colcon.colcon_core.environment:checking '/home/daisuke/ros2_ws/install/person_msgs/bin'
[14.400s] Level 1:colcon.colcon_core.environment:checking '/home/daisuke/ros2_ws/install/person_msgs/lib/pkgconfig/person_msgs.pc'
[14.400s] Level 1:colcon.colcon_core.environment:checking '/home/daisuke/ros2_ws/install/person_msgs/lib/python3.8/site-packages'
[14.400s] Level 1:colcon.colcon_core.shell:create_environment_hook('person_msgs', 'pythonpath')
[14.426s] INFO:colcon.colcon_core.shell:Creating environment hook '/home/daisuke/ros2_ws/install/person_msgs/share/person_msgs/hook/pythonpath.ps1'
[14.427s] INFO:colcon.colcon_core.shell:Creating environment descriptor '/home/daisuke/ros2_ws/install/person_msgs/share/person_msgs/hook/pythonpath.dsv'
[14.427s] INFO:colcon.colcon_core.shell:Creating environment hook '/home/daisuke/ros2_ws/install/person_msgs/share/person_msgs/hook/pythonpath.sh'
[14.427s] Level 1:colcon.colcon_core.environment:checking '/home/daisuke/ros2_ws/install/person_msgs/bin'
[14.459s] INFO:colcon.colcon_core.shell:Creating package script '/home/daisuke/ros2_ws/install/person_msgs/share/person_msgs/package.ps1'
[14.460s] INFO:colcon.colcon_core.shell:Creating package descriptor '/home/daisuke/ros2_ws/install/person_msgs/share/person_msgs/package.dsv'
[14.460s] INFO:colcon.colcon_core.shell:Creating package script '/home/daisuke/ros2_ws/install/person_msgs/share/person_msgs/package.sh'
[14.461s] INFO:colcon.colcon_core.shell:Creating package script '/home/daisuke/ros2_ws/install/person_msgs/share/person_msgs/package.bash'
[14.461s] INFO:colcon.colcon_core.shell:Creating package script '/home/daisuke/ros2_ws/install/person_msgs/share/person_msgs/package.zsh'
[14.461s] Level 1:colcon.colcon_core.environment:create_file_with_runtime_dependencies(/home/daisuke/ros2_ws/install/person_msgs/share/colcon-core/packages/person_msgs)
[14.568s] Level 1:colcon.colcon_core.environment:create_environment_scripts_only(person_msgs)
[14.607s] Level 1:colcon.colcon_core.environment:checking '/home/daisuke/ros2_ws/install/person_msgs' for CMake module files
[14.607s] Level 1:colcon.colcon_core.environment:checking '/home/daisuke/ros2_ws/install/person_msgs' for CMake config files
[14.608s] Level 1:colcon.colcon_core.shell:create_environment_hook('person_msgs', 'cmake_prefix_path')
[14.633s] INFO:colcon.colcon_core.shell:Creating environment hook '/home/daisuke/ros2_ws/install/person_msgs/share/person_msgs/hook/cmake_prefix_path.ps1'
[14.634s] INFO:colcon.colcon_core.shell:Creating environment descriptor '/home/daisuke/ros2_ws/install/person_msgs/share/person_msgs/hook/cmake_prefix_path.dsv'
[14.634s] INFO:colcon.colcon_core.shell:Creating environment hook '/home/daisuke/ros2_ws/install/person_msgs/share/person_msgs/hook/cmake_prefix_path.sh'
[14.635s] Level 1:colcon.colcon_core.environment:checking '/home/daisuke/ros2_ws/install/person_msgs/lib'
[14.635s] Level 1:colcon.colcon_core.shell:create_environment_hook('person_msgs', 'ld_library_path_lib')
[14.661s] INFO:colcon.colcon_core.shell:Creating environment hook '/home/daisuke/ros2_ws/install/person_msgs/share/person_msgs/hook/ld_library_path_lib.ps1'
[14.662s] INFO:colcon.colcon_core.shell:Creating environment descriptor '/home/daisuke/ros2_ws/install/person_msgs/share/person_msgs/hook/ld_library_path_lib.dsv'
[14.662s] INFO:colcon.colcon_core.shell:Creating environment hook '/home/daisuke/ros2_ws/install/person_msgs/share/person_msgs/hook/ld_library_path_lib.sh'
[14.662s] Level 1:colcon.colcon_core.environment:checking '/home/daisuke/ros2_ws/install/person_msgs/bin'
[14.662s] Level 1:colcon.colcon_core.environment:checking '/home/daisuke/ros2_ws/install/person_msgs/lib/pkgconfig/person_msgs.pc'
[14.662s] Level 1:colcon.colcon_core.environment:checking '/home/daisuke/ros2_ws/install/person_msgs/lib/python3.8/site-packages'
[14.662s] Level 1:colcon.colcon_core.shell:create_environment_hook('person_msgs', 'pythonpath')
[14.688s] INFO:colcon.colcon_core.shell:Creating environment hook '/home/daisuke/ros2_ws/install/person_msgs/share/person_msgs/hook/pythonpath.ps1'
[14.689s] INFO:colcon.colcon_core.shell:Creating environment descriptor '/home/daisuke/ros2_ws/install/person_msgs/share/person_msgs/hook/pythonpath.dsv'
[14.689s] INFO:colcon.colcon_core.shell:Creating environment hook '/home/daisuke/ros2_ws/install/person_msgs/share/person_msgs/hook/pythonpath.sh'
[14.689s] Level 1:colcon.colcon_core.environment:checking '/home/daisuke/ros2_ws/install/person_msgs/bin'
[14.713s] INFO:colcon.colcon_core.shell:Creating package script '/home/daisuke/ros2_ws/install/person_msgs/share/person_msgs/package.ps1'
[14.714s] INFO:colcon.colcon_core.shell:Creating package descriptor '/home/daisuke/ros2_ws/install/person_msgs/share/person_msgs/package.dsv'
[14.714s] INFO:colcon.colcon_core.shell:Creating package script '/home/daisuke/ros2_ws/install/person_msgs/share/person_msgs/package.sh'
[14.715s] INFO:colcon.colcon_core.shell:Creating package script '/home/daisuke/ros2_ws/install/person_msgs/share/person_msgs/package.bash'
[14.715s] INFO:colcon.colcon_core.shell:Creating package script '/home/daisuke/ros2_ws/install/person_msgs/share/person_msgs/package.zsh'
[14.716s] Level 1:colcon.colcon_core.environment:create_file_with_runtime_dependencies(/home/daisuke/ros2_ws/install/person_msgs/share/colcon-core/packages/person_msgs)
[14.717s] DEBUG:colcon.colcon_parallel_executor.executor.parallel:closing loop
[14.717s] DEBUG:colcon.colcon_parallel_executor.executor.parallel:loop closed
[14.717s] DEBUG:colcon.colcon_parallel_executor.executor.parallel:run_until_complete finished with '0'
[14.717s] DEBUG:colcon.colcon_core.event_reactor:joining thread
[14.797s] INFO:colcon.colcon_core.plugin_system:Skipping extension 'colcon_notification.desktop_notification.notify_send': Could not find 'notify-send'
[14.797s] INFO:colcon.colcon_core.plugin_system:Skipping extension 'colcon_notification.desktop_notification.terminal_notifier': Not used on non-Darwin systems
[14.798s] INFO:colcon.colcon_core.plugin_system:Skipping extension 'colcon_notification.desktop_notification.win32': Not used on non-Windows systems
[14.798s] INFO:colcon.colcon_notification.desktop_notification:Sending desktop notification using 'notify2'
[14.804s] DEBUG:colcon.colcon_notification.desktop_notification.notify2:Failed to initialize notify2: org.freedesktop.DBus.Error.ServiceUnknown: The name org.freedesktop.Notifications was not provided by any .service files
[14.804s] DEBUG:colcon.colcon_core.event_reactor:joined thread
[14.847s] INFO:colcon.colcon_core.shell:Creating prefix script '/home/daisuke/ros2_ws/install/local_setup.ps1'
[14.848s] INFO:colcon.colcon_core.shell:Creating prefix util module '/home/daisuke/ros2_ws/install/_local_setup_util_ps1.py'
[14.849s] INFO:colcon.colcon_core.shell:Creating prefix chain script '/home/daisuke/ros2_ws/install/setup.ps1'
[14.888s] INFO:colcon.colcon_core.shell:Creating prefix script '/home/daisuke/ros2_ws/install/local_setup.sh'
[14.889s] INFO:colcon.colcon_core.shell:Creating prefix util module '/home/daisuke/ros2_ws/install/_local_setup_util_sh.py'
[14.889s] INFO:colcon.colcon_core.shell:Creating prefix chain script '/home/daisuke/ros2_ws/install/setup.sh'
[14.925s] INFO:colcon.colcon_core.shell:Creating prefix script '/home/daisuke/ros2_ws/install/local_setup.bash'
[14.925s] INFO:colcon.colcon_core.shell:Creating prefix chain script '/home/daisuke/ros2_ws/install/setup.bash'
[14.961s] INFO:colcon.colcon_core.shell:Creating prefix script '/home/daisuke/ros2_ws/install/local_setup.zsh'
[14.961s] INFO:colcon.colcon_core.shell:Creating prefix chain script '/home/daisuke/ros2_ws/install/setup.zsh'
