[0.836s] Invoking command in '/home/daisuke/ros2_ws/src/mypkg': PYTHONPATH=/home/daisuke/ros2_ws/build/mypkg/prefix_override:/home/daisuke/ros2_ws/install/mypkg/lib/python3.8/site-packages:${PYTHONPATH} /usr/bin/python3 setup.py egg_info --egg-base ../../build/mypkg build --build-base /home/daisuke/ros2_ws/build/mypkg/build install --record /home/daisuke/ros2_ws/build/mypkg/install.log --install-scripts $base/lib/mypkg --single-version-externally-managed
[0.996s] running egg_info
[0.996s] writing ../../build/mypkg/mypkg.egg-info/PKG-INFO
[0.996s] writing dependency_links to ../../build/mypkg/mypkg.egg-info/dependency_links.txt
[0.997s] writing entry points to ../../build/mypkg/mypkg.egg-info/entry_points.txt
[0.997s] writing requirements to ../../build/mypkg/mypkg.egg-info/requires.txt
[0.997s] writing top-level names to ../../build/mypkg/mypkg.egg-info/top_level.txt
[1.030s] reading manifest file '../../build/mypkg/mypkg.egg-info/SOURCES.txt'
[1.031s] writing manifest file '../../build/mypkg/mypkg.egg-info/SOURCES.txt'
[1.032s] running build
[1.032s] running build_py
[1.032s] copying mypkg/listener.py -> /home/daisuke/ros2_ws/build/mypkg/build/lib/mypkg
[1.033s] running install
[1.033s] running install_lib
[1.035s] copying /home/daisuke/ros2_ws/build/mypkg/build/lib/mypkg/listener.py -> /home/daisuke/ros2_ws/install/mypkg/lib/python3.8/site-packages/mypkg
[1.035s] byte-compiling /home/daisuke/ros2_ws/install/mypkg/lib/python3.8/site-packages/mypkg/listener.py to listener.cpython-38.pyc
[1.037s] running install_data
[1.038s] Sorry: IndentationError: unexpected indent (listener.py, line 11)
[1.038s] running install_egg_info
[1.040s] removing '/home/daisuke/ros2_ws/install/mypkg/lib/python3.8/site-packages/mypkg-0.0.0-py3.8.egg-info' (and everything under it)
[1.040s] Copying ../../build/mypkg/mypkg.egg-info to /home/daisuke/ros2_ws/install/mypkg/lib/python3.8/site-packages/mypkg-0.0.0-py3.8.egg-info
[1.041s] running install_scripts
[1.061s] Installing listener script to /home/daisuke/ros2_ws/install/mypkg/lib/mypkg
[1.061s] Installing talker script to /home/daisuke/ros2_ws/install/mypkg/lib/mypkg
[1.061s] writing list of installed files to '/home/daisuke/ros2_ws/build/mypkg/install.log'
[1.078s] Invoked command in '/home/daisuke/ros2_ws/src/mypkg' returned '0': PYTHONPATH=/home/daisuke/ros2_ws/build/mypkg/prefix_override:/home/daisuke/ros2_ws/install/mypkg/lib/python3.8/site-packages:${PYTHONPATH} /usr/bin/python3 setup.py egg_info --egg-base ../../build/mypkg build --build-base /home/daisuke/ros2_ws/build/mypkg/build install --record /home/daisuke/ros2_ws/build/mypkg/install.log --install-scripts $base/lib/mypkg --single-version-externally-managed
