[0.506s] Invoking command in '/home/daisuke/ros2_ws/src/mypkg': PYTHONPATH=/home/daisuke/ros2_ws/src/mypkg/build/mypkg/prefix_override:/home/daisuke/ros2_ws/src/mypkg/install/mypkg/lib/python3.8/site-packages:${PYTHONPATH} /usr/bin/python3 setup.py egg_info --egg-base build/mypkg build --build-base /home/daisuke/ros2_ws/src/mypkg/build/mypkg/build install --record /home/daisuke/ros2_ws/src/mypkg/build/mypkg/install.log --install-scripts $base/lib/mypkg --single-version-externally-managed
[0.612s] running egg_info
[0.613s] writing build/mypkg/mypkg.egg-info/PKG-INFO
[0.613s] writing dependency_links to build/mypkg/mypkg.egg-info/dependency_links.txt
[0.613s] writing entry points to build/mypkg/mypkg.egg-info/entry_points.txt
[0.613s] writing requirements to build/mypkg/mypkg.egg-info/requires.txt
[0.613s] writing top-level names to build/mypkg/mypkg.egg-info/top_level.txt
[0.633s] reading manifest file 'build/mypkg/mypkg.egg-info/SOURCES.txt'
[0.633s] writing manifest file 'build/mypkg/mypkg.egg-info/SOURCES.txt'
[0.633s] running build
[0.634s] running build_py
[0.634s] running install
[0.634s] running install_lib
[0.635s] running install_data
[0.635s] running install_egg_info
[0.637s] removing '/home/daisuke/ros2_ws/src/mypkg/install/mypkg/lib/python3.8/site-packages/mypkg-0.0.0-py3.8.egg-info' (and everything under it)
[0.637s] Copying build/mypkg/mypkg.egg-info to /home/daisuke/ros2_ws/src/mypkg/install/mypkg/lib/python3.8/site-packages/mypkg-0.0.0-py3.8.egg-info
[0.638s] running install_scripts
[0.648s] Installing listener script to /home/daisuke/ros2_ws/src/mypkg/install/mypkg/lib/mypkg
[0.648s] Installing talker script to /home/daisuke/ros2_ws/src/mypkg/install/mypkg/lib/mypkg
[0.648s] writing list of installed files to '/home/daisuke/ros2_ws/src/mypkg/build/mypkg/install.log'
[0.662s] Invoked command in '/home/daisuke/ros2_ws/src/mypkg' returned '0': PYTHONPATH=/home/daisuke/ros2_ws/src/mypkg/build/mypkg/prefix_override:/home/daisuke/ros2_ws/src/mypkg/install/mypkg/lib/python3.8/site-packages:${PYTHONPATH} /usr/bin/python3 setup.py egg_info --egg-base build/mypkg build --build-base /home/daisuke/ros2_ws/src/mypkg/build/mypkg/build install --record /home/daisuke/ros2_ws/src/mypkg/build/mypkg/install.log --install-scripts $base/lib/mypkg --single-version-externally-managed
