[0.810s] Invoking command in '/home/daisuke/ros2_ws/src/mypkg': PYTHONPATH=/home/daisuke/ros2_ws/build/mypkg/prefix_override:/home/daisuke/ros2_ws/install/mypkg/lib/python3.8/site-packages:${PYTHONPATH} /usr/bin/python3 setup.py egg_info --egg-base ../../build/mypkg build --build-base /home/daisuke/ros2_ws/build/mypkg/build install --record /home/daisuke/ros2_ws/build/mypkg/install.log --install-scripts $base/lib/mypkg --single-version-externally-managed
[0.968s] running egg_info
[0.968s] writing ../../build/mypkg/mypkg.egg-info/PKG-INFO
[0.968s] writing dependency_links to ../../build/mypkg/mypkg.egg-info/dependency_links.txt
[0.969s] writing entry points to ../../build/mypkg/mypkg.egg-info/entry_points.txt
[0.970s] writing requirements to ../../build/mypkg/mypkg.egg-info/requires.txt
[0.970s] writing top-level names to ../../build/mypkg/mypkg.egg-info/top_level.txt
[0.999s] reading manifest file '../../build/mypkg/mypkg.egg-info/SOURCES.txt'
[1.000s] writing manifest file '../../build/mypkg/mypkg.egg-info/SOURCES.txt'
[1.000s] running build
[1.000s] running build_py
[1.000s] copying mypkg/talker.py -> /home/daisuke/ros2_ws/build/mypkg/build/lib/mypkg
[1.001s] running install
[1.001s] running install_lib
[1.002s] copying /home/daisuke/ros2_ws/build/mypkg/build/lib/mypkg/talker.py -> /home/daisuke/ros2_ws/install/mypkg/lib/python3.8/site-packages/mypkg
[1.003s] byte-compiling /home/daisuke/ros2_ws/install/mypkg/lib/python3.8/site-packages/mypkg/talker.py to talker.cpython-38.pyc
[1.004s] running install_data
[1.004s] copying package.xml -> /home/daisuke/ros2_ws/install/mypkg/share/mypkg
[1.005s] running install_egg_info
[1.006s] removing '/home/daisuke/ros2_ws/install/mypkg/lib/python3.8/site-packages/mypkg-0.0.0-py3.8.egg-info' (and everything under it)
[1.006s] Copying ../../build/mypkg/mypkg.egg-info to /home/daisuke/ros2_ws/install/mypkg/lib/python3.8/site-packages/mypkg-0.0.0-py3.8.egg-info
[1.007s] running install_scripts
[1.022s] Installing talker script to /home/daisuke/ros2_ws/install/mypkg/lib/mypkg
[1.022s] writing list of installed files to '/home/daisuke/ros2_ws/build/mypkg/install.log'
[1.039s] Invoked command in '/home/daisuke/ros2_ws/src/mypkg' returned '0': PYTHONPATH=/home/daisuke/ros2_ws/build/mypkg/prefix_override:/home/daisuke/ros2_ws/install/mypkg/lib/python3.8/site-packages:${PYTHONPATH} /usr/bin/python3 setup.py egg_info --egg-base ../../build/mypkg build --build-base /home/daisuke/ros2_ws/build/mypkg/build install --record /home/daisuke/ros2_ws/build/mypkg/install.log --install-scripts $base/lib/mypkg --single-version-externally-managed
