[1.151s] Invoking command in '/home/daisuke/ros2_ws/src/mypkg': PYTHONPATH=/home/daisuke/ros2_ws/build/mypkg/prefix_override:/home/daisuke/ros2_ws/install/mypkg/lib/python3.8/site-packages:${PYTHONPATH} /usr/bin/python3 setup.py egg_info --egg-base ../../build/mypkg build --build-base /home/daisuke/ros2_ws/build/mypkg/build install --record /home/daisuke/ros2_ws/build/mypkg/install.log --install-scripts $base/lib/mypkg --single-version-externally-managed
[1.313s] running egg_info
[1.313s] writing ../../build/mypkg/mypkg.egg-info/PKG-INFO
[1.313s] writing dependency_links to ../../build/mypkg/mypkg.egg-info/dependency_links.txt
[1.313s] writing entry points to ../../build/mypkg/mypkg.egg-info/entry_points.txt
[1.314s] writing requirements to ../../build/mypkg/mypkg.egg-info/requires.txt
[1.314s] writing top-level names to ../../build/mypkg/mypkg.egg-info/top_level.txt
[1.412s] reading manifest file '../../build/mypkg/mypkg.egg-info/SOURCES.txt'
[1.416s] writing manifest file '../../build/mypkg/mypkg.egg-info/SOURCES.txt'
[1.416s] running build
[1.416s] running build_py
[1.416s] copying mypkg/talker.py -> /home/daisuke/ros2_ws/build/mypkg/build/lib/mypkg
[1.416s] running install
[1.416s] running install_lib
[1.417s] copying /home/daisuke/ros2_ws/build/mypkg/build/lib/mypkg/talker.py -> /home/daisuke/ros2_ws/install/mypkg/lib/python3.8/site-packages/mypkg
[1.417s] byte-compiling /home/daisuke/ros2_ws/install/mypkg/lib/python3.8/site-packages/mypkg/talker.py to talker.cpython-38.pyc
[1.418s] running install_data
[1.419s] copying package.xml -> /home/daisuke/ros2_ws/install/mypkg/share/mypkg
[1.419s] running install_egg_info
[1.421s] removing '/home/daisuke/ros2_ws/install/mypkg/lib/python3.8/site-packages/mypkg-0.0.0-py3.8.egg-info' (and everything under it)
[1.421s] Copying ../../build/mypkg/mypkg.egg-info to /home/daisuke/ros2_ws/install/mypkg/lib/python3.8/site-packages/mypkg-0.0.0-py3.8.egg-info
[1.423s] running install_scripts
[1.439s] Installing talker script to /home/daisuke/ros2_ws/install/mypkg/lib/mypkg
[1.440s] writing list of installed files to '/home/daisuke/ros2_ws/build/mypkg/install.log'
[1.467s] Invoked command in '/home/daisuke/ros2_ws/src/mypkg' returned '0': PYTHONPATH=/home/daisuke/ros2_ws/build/mypkg/prefix_override:/home/daisuke/ros2_ws/install/mypkg/lib/python3.8/site-packages:${PYTHONPATH} /usr/bin/python3 setup.py egg_info --egg-base ../../build/mypkg build --build-base /home/daisuke/ros2_ws/build/mypkg/build install --record /home/daisuke/ros2_ws/build/mypkg/install.log --install-scripts $base/lib/mypkg --single-version-externally-managed
