[0.626s] Invoking command in '/home/daisuke/ros2_ws/src/mypkg': PYTHONPATH=/home/daisuke/ros2_ws/src/mypkg/build/mypkg/prefix_override:/home/daisuke/ros2_ws/src/mypkg/install/mypkg/lib/python3.8/site-packages:${PYTHONPATH} /usr/bin/python3 setup.py egg_info --egg-base build/mypkg build --build-base /home/daisuke/ros2_ws/src/mypkg/build/mypkg/build install --record /home/daisuke/ros2_ws/src/mypkg/build/mypkg/install.log --install-scripts $base/lib/mypkg --single-version-externally-managed
[0.734s] running egg_info
[0.734s] writing build/mypkg/mypkg.egg-info/PKG-INFO
[0.734s] writing dependency_links to build/mypkg/mypkg.egg-info/dependency_links.txt
[0.734s] writing entry points to build/mypkg/mypkg.egg-info/entry_points.txt
[0.734s] writing requirements to build/mypkg/mypkg.egg-info/requires.txt
[0.734s] writing top-level names to build/mypkg/mypkg.egg-info/top_level.txt
[0.756s] reading manifest file 'build/mypkg/mypkg.egg-info/SOURCES.txt'
[0.756s] writing manifest file 'build/mypkg/mypkg.egg-info/SOURCES.txt'
[0.756s] running build
[0.756s] running build_py
[0.757s] copying mypkg/listener.py -> /home/daisuke/ros2_ws/src/mypkg/build/mypkg/build/lib/mypkg
[0.757s] running install
[0.757s] running install_lib
[0.758s] copying /home/daisuke/ros2_ws/src/mypkg/build/mypkg/build/lib/mypkg/listener.py -> /home/daisuke/ros2_ws/src/mypkg/install/mypkg/lib/python3.8/site-packages/mypkg
[0.758s] byte-compiling /home/daisuke/ros2_ws/src/mypkg/install/mypkg/lib/python3.8/site-packages/mypkg/listener.py to listener.cpython-38.pyc
[0.759s] running install_data
[0.760s] copying package.xml -> /home/daisuke/ros2_ws/src/mypkg/install/mypkg/share/mypkg
[0.760s] copying launch/talk_listen.launch.py -> /home/daisuke/ros2_ws/src/mypkg/install/mypkg/share/mypkg
[0.760s] running install_egg_info
[0.762s] removing '/home/daisuke/ros2_ws/src/mypkg/install/mypkg/lib/python3.8/site-packages/mypkg-0.0.0-py3.8.egg-info' (and everything under it)
[0.762s] Copying build/mypkg/mypkg.egg-info to /home/daisuke/ros2_ws/src/mypkg/install/mypkg/lib/python3.8/site-packages/mypkg-0.0.0-py3.8.egg-info
[0.763s] running install_scripts
[0.772s] Installing listener script to /home/daisuke/ros2_ws/src/mypkg/install/mypkg/lib/mypkg
[0.773s] Installing talker script to /home/daisuke/ros2_ws/src/mypkg/install/mypkg/lib/mypkg
[0.773s] writing list of installed files to '/home/daisuke/ros2_ws/src/mypkg/build/mypkg/install.log'
[0.787s] Invoked command in '/home/daisuke/ros2_ws/src/mypkg' returned '0': PYTHONPATH=/home/daisuke/ros2_ws/src/mypkg/build/mypkg/prefix_override:/home/daisuke/ros2_ws/src/mypkg/install/mypkg/lib/python3.8/site-packages:${PYTHONPATH} /usr/bin/python3 setup.py egg_info --egg-base build/mypkg build --build-base /home/daisuke/ros2_ws/src/mypkg/build/mypkg/build install --record /home/daisuke/ros2_ws/src/mypkg/build/mypkg/install.log --install-scripts $base/lib/mypkg --single-version-externally-managed
