[0.515s] Invoking command in '/home/daisuke/ros2_ws/src/mypkg': PYTHONPATH=/home/daisuke/ros2_ws/src/mypkg/build/mypkg/prefix_override:/home/daisuke/ros2_ws/src/mypkg/install/mypkg/lib/python3.8/site-packages:${PYTHONPATH} /usr/bin/python3 setup.py egg_info --egg-base build/mypkg build --build-base /home/daisuke/ros2_ws/src/mypkg/build/mypkg/build install --record /home/daisuke/ros2_ws/src/mypkg/build/mypkg/install.log --install-scripts $base/lib/mypkg --single-version-externally-managed
[0.625s] running egg_info
[0.625s] writing build/mypkg/mypkg.egg-info/PKG-INFO
[0.625s] writing dependency_links to build/mypkg/mypkg.egg-info/dependency_links.txt
[0.625s] writing entry points to build/mypkg/mypkg.egg-info/entry_points.txt
[0.625s] writing requirements to build/mypkg/mypkg.egg-info/requires.txt
[0.625s] writing top-level names to build/mypkg/mypkg.egg-info/top_level.txt
[0.646s] reading manifest file 'build/mypkg/mypkg.egg-info/SOURCES.txt'
[0.647s] writing manifest file 'build/mypkg/mypkg.egg-info/SOURCES.txt'
[0.647s] running build
[0.647s] running build_py
[0.647s] running install
[0.648s] running install_lib
[0.649s] running install_data
[0.649s] copying launch/talk_listen.launch.py -> /home/daisuke/ros2_ws/src/mypkg/install/mypkg/share/mypkg
[0.649s] running install_egg_info
[0.650s] removing '/home/daisuke/ros2_ws/src/mypkg/install/mypkg/lib/python3.8/site-packages/mypkg-0.0.0-py3.8.egg-info' (and everything under it)
[0.651s] Copying build/mypkg/mypkg.egg-info to /home/daisuke/ros2_ws/src/mypkg/install/mypkg/lib/python3.8/site-packages/mypkg-0.0.0-py3.8.egg-info
[0.651s] running install_scripts
[0.661s] Installing listener script to /home/daisuke/ros2_ws/src/mypkg/install/mypkg/lib/mypkg
[0.661s] Installing talker script to /home/daisuke/ros2_ws/src/mypkg/install/mypkg/lib/mypkg
[0.661s] writing list of installed files to '/home/daisuke/ros2_ws/src/mypkg/build/mypkg/install.log'
[0.675s] Invoked command in '/home/daisuke/ros2_ws/src/mypkg' returned '0': PYTHONPATH=/home/daisuke/ros2_ws/src/mypkg/build/mypkg/prefix_override:/home/daisuke/ros2_ws/src/mypkg/install/mypkg/lib/python3.8/site-packages:${PYTHONPATH} /usr/bin/python3 setup.py egg_info --egg-base build/mypkg build --build-base /home/daisuke/ros2_ws/src/mypkg/build/mypkg/build install --record /home/daisuke/ros2_ws/src/mypkg/build/mypkg/install.log --install-scripts $base/lib/mypkg --single-version-externally-managed
