[0.948s] Invoking command in '/home/daisuke/ros2_ws/src/mypkg': PYTHONPATH=/home/daisuke/ros2_ws/build/mypkg/prefix_override:/home/daisuke/ros2_ws/install/mypkg/lib/python3.8/site-packages:${PYTHONPATH} /usr/bin/python3 setup.py egg_info --egg-base ../../build/mypkg build --build-base /home/daisuke/ros2_ws/build/mypkg/build install --record /home/daisuke/ros2_ws/build/mypkg/install.log --install-scripts $base/lib/mypkg --single-version-externally-managed
[1.128s] running egg_info
[1.129s] writing ../../build/mypkg/mypkg.egg-info/PKG-INFO
[1.130s] writing dependency_links to ../../build/mypkg/mypkg.egg-info/dependency_links.txt
[1.130s] writing entry points to ../../build/mypkg/mypkg.egg-info/entry_points.txt
[1.130s] writing requirements to ../../build/mypkg/mypkg.egg-info/requires.txt
[1.130s] writing top-level names to ../../build/mypkg/mypkg.egg-info/top_level.txt
[1.164s] reading manifest file '../../build/mypkg/mypkg.egg-info/SOURCES.txt'
[1.164s] writing manifest file '../../build/mypkg/mypkg.egg-info/SOURCES.txt'
[1.165s] running build
[1.165s] running build_py
[1.165s] copying mypkg/talker.py -> /home/daisuke/ros2_ws/build/mypkg/build/lib/mypkg
[1.165s] copying mypkg/listener.py -> /home/daisuke/ros2_ws/build/mypkg/build/lib/mypkg
[1.166s] running install
[1.166s] running install_lib
[1.168s] copying /home/daisuke/ros2_ws/build/mypkg/build/lib/mypkg/talker.py -> /home/daisuke/ros2_ws/install/mypkg/lib/python3.8/site-packages/mypkg
[1.168s] copying /home/daisuke/ros2_ws/build/mypkg/build/lib/mypkg/listener.py -> /home/daisuke/ros2_ws/install/mypkg/lib/python3.8/site-packages/mypkg
[1.168s] byte-compiling /home/daisuke/ros2_ws/install/mypkg/lib/python3.8/site-packages/mypkg/talker.py to talker.cpython-38.pyc
[1.170s] byte-compiling /home/daisuke/ros2_ws/install/mypkg/lib/python3.8/site-packages/mypkg/listener.py to listener.cpython-38.pyc
[1.170s] running install_data
[1.171s] copying package.xml -> /home/daisuke/ros2_ws/install/mypkg/share/mypkg
[1.171s] running install_egg_info
[1.172s] removing '/home/daisuke/ros2_ws/install/mypkg/lib/python3.8/site-packages/mypkg-0.0.0-py3.8.egg-info' (and everything under it)
[1.173s] Copying ../../build/mypkg/mypkg.egg-info to /home/daisuke/ros2_ws/install/mypkg/lib/python3.8/site-packages/mypkg-0.0.0-py3.8.egg-info
[1.173s] running install_scripts
[1.189s] Installing listener script to /home/daisuke/ros2_ws/install/mypkg/lib/mypkg
[1.190s] Installing talker script to /home/daisuke/ros2_ws/install/mypkg/lib/mypkg
[1.190s] writing list of installed files to '/home/daisuke/ros2_ws/build/mypkg/install.log'
[1.214s] Invoked command in '/home/daisuke/ros2_ws/src/mypkg' returned '0': PYTHONPATH=/home/daisuke/ros2_ws/build/mypkg/prefix_override:/home/daisuke/ros2_ws/install/mypkg/lib/python3.8/site-packages:${PYTHONPATH} /usr/bin/python3 setup.py egg_info --egg-base ../../build/mypkg build --build-base /home/daisuke/ros2_ws/build/mypkg/build install --record /home/daisuke/ros2_ws/build/mypkg/install.log --install-scripts $base/lib/mypkg --single-version-externally-managed
