[0.507s] Invoking command in '/home/daisuke/ros2_ws/src/mypkg': PYTHONPATH=/home/daisuke/ros2_ws/build/mypkg/prefix_override:/home/daisuke/ros2_ws/install/mypkg/lib/python3.8/site-packages:${PYTHONPATH} /usr/bin/python3 setup.py egg_info --egg-base ../../build/mypkg build --build-base /home/daisuke/ros2_ws/build/mypkg/build install --record /home/daisuke/ros2_ws/build/mypkg/install.log --install-scripts $base/lib/mypkg --single-version-externally-managed
[0.615s] running egg_info
[0.615s] creating ../../build/mypkg/mypkg.egg-info
[0.616s] writing ../../build/mypkg/mypkg.egg-info/PKG-INFO
[0.616s] writing dependency_links to ../../build/mypkg/mypkg.egg-info/dependency_links.txt
[0.616s] writing entry points to ../../build/mypkg/mypkg.egg-info/entry_points.txt
[0.616s] writing requirements to ../../build/mypkg/mypkg.egg-info/requires.txt
[0.616s] writing top-level names to ../../build/mypkg/mypkg.egg-info/top_level.txt
[0.617s] writing manifest file '../../build/mypkg/mypkg.egg-info/SOURCES.txt'
[0.637s] reading manifest file '../../build/mypkg/mypkg.egg-info/SOURCES.txt'
[0.638s] writing manifest file '../../build/mypkg/mypkg.egg-info/SOURCES.txt'
[0.638s] running build
[0.638s] running build_py
[0.638s] creating /home/daisuke/ros2_ws/build/mypkg/build
[0.638s] creating /home/daisuke/ros2_ws/build/mypkg/build/lib
[0.638s] creating /home/daisuke/ros2_ws/build/mypkg/build/lib/mypkg
[0.638s] copying mypkg/__init__.py -> /home/daisuke/ros2_ws/build/mypkg/build/lib/mypkg
[0.638s] running install
[0.639s] running install_lib
[0.639s] creating /home/daisuke/ros2_ws/install/mypkg/lib/python3.8/site-packages/mypkg
[0.639s] copying /home/daisuke/ros2_ws/build/mypkg/build/lib/mypkg/__init__.py -> /home/daisuke/ros2_ws/install/mypkg/lib/python3.8/site-packages/mypkg
[0.640s] byte-compiling /home/daisuke/ros2_ws/install/mypkg/lib/python3.8/site-packages/mypkg/__init__.py to __init__.cpython-38.pyc
[0.641s] running install_data
[0.641s] creating /home/daisuke/ros2_ws/install/mypkg/share/ament_index
[0.641s] creating /home/daisuke/ros2_ws/install/mypkg/share/ament_index/resource_index
[0.641s] creating /home/daisuke/ros2_ws/install/mypkg/share/ament_index/resource_index/packages
[0.641s] copying resource/mypkg -> /home/daisuke/ros2_ws/install/mypkg/share/ament_index/resource_index/packages
[0.641s] copying package.xml -> /home/daisuke/ros2_ws/install/mypkg/share/mypkg
[0.641s] running install_egg_info
[0.642s] Copying ../../build/mypkg/mypkg.egg-info to /home/daisuke/ros2_ws/install/mypkg/lib/python3.8/site-packages/mypkg-0.0.0-py3.8.egg-info
[0.643s] running install_scripts
[0.654s] writing list of installed files to '/home/daisuke/ros2_ws/build/mypkg/install.log'
[0.667s] Invoked command in '/home/daisuke/ros2_ws/src/mypkg' returned '0': PYTHONPATH=/home/daisuke/ros2_ws/build/mypkg/prefix_override:/home/daisuke/ros2_ws/install/mypkg/lib/python3.8/site-packages:${PYTHONPATH} /usr/bin/python3 setup.py egg_info --egg-base ../../build/mypkg build --build-base /home/daisuke/ros2_ws/build/mypkg/build install --record /home/daisuke/ros2_ws/build/mypkg/install.log --install-scripts $base/lib/mypkg --single-version-externally-managed
