[0.991s] Invoking command in '/home/daisuke/ros2_ws/src/mypkg': PYTHONPATH=/home/daisuke/ros2_ws/build/mypkg/prefix_override:/home/daisuke/ros2_ws/install/mypkg/lib/python3.8/site-packages:${PYTHONPATH} /usr/bin/python3 setup.py egg_info --egg-base ../../build/mypkg build --build-base /home/daisuke/ros2_ws/build/mypkg/build install --record /home/daisuke/ros2_ws/build/mypkg/install.log --install-scripts $base/lib/mypkg --single-version-externally-managed
[1.174s] running egg_info
[1.175s] writing ../../build/mypkg/mypkg.egg-info/PKG-INFO
[1.176s] writing dependency_links to ../../build/mypkg/mypkg.egg-info/dependency_links.txt
[1.176s] writing entry points to ../../build/mypkg/mypkg.egg-info/entry_points.txt
[1.176s] writing requirements to ../../build/mypkg/mypkg.egg-info/requires.txt
[1.177s] writing top-level names to ../../build/mypkg/mypkg.egg-info/top_level.txt
[1.213s] reading manifest file '../../build/mypkg/mypkg.egg-info/SOURCES.txt'
[1.214s] writing manifest file '../../build/mypkg/mypkg.egg-info/SOURCES.txt'
[1.215s] running build
[1.215s] running build_py
[1.215s] running install
[1.216s] running install_lib
[1.217s] running install_data
[1.218s] running install_egg_info
[1.220s] removing '/home/daisuke/ros2_ws/install/mypkg/lib/python3.8/site-packages/mypkg-0.0.0-py3.8.egg-info' (and everything under it)
[1.220s] Copying ../../build/mypkg/mypkg.egg-info to /home/daisuke/ros2_ws/install/mypkg/lib/python3.8/site-packages/mypkg-0.0.0-py3.8.egg-info
[1.221s] running install_scripts
[1.238s] Installing listener script to /home/daisuke/ros2_ws/install/mypkg/lib/mypkg
[1.238s] Installing talker script to /home/daisuke/ros2_ws/install/mypkg/lib/mypkg
[1.239s] writing list of installed files to '/home/daisuke/ros2_ws/build/mypkg/install.log'
[1.263s] Invoked command in '/home/daisuke/ros2_ws/src/mypkg' returned '0': PYTHONPATH=/home/daisuke/ros2_ws/build/mypkg/prefix_override:/home/daisuke/ros2_ws/install/mypkg/lib/python3.8/site-packages:${PYTHONPATH} /usr/bin/python3 setup.py egg_info --egg-base ../../build/mypkg build --build-base /home/daisuke/ros2_ws/build/mypkg/build install --record /home/daisuke/ros2_ws/build/mypkg/install.log --install-scripts $base/lib/mypkg --single-version-externally-managed
